Traceback (most recent call last):
  File "C:\Program Files\Python312\Lib\site-packages\jupyter_cache\executors\utils.py", line 58, in single_nb_execution
    executenb(
  File "C:\Program Files\Python312\Lib\site-packages\nbclient\client.py", line 1314, in execute
    return NotebookClient(nb=nb, resources=resources, km=km, **kwargs).execute()
           ^^^^^^^^^^^^^^^^^^^^^^^^^^^^^^^^^^^^^^^^^^^^^^^^^^^^^^^^^^^^^^^^^^^^^
  File "C:\Program Files\Python312\Lib\site-packages\jupyter_core\utils\__init__.py", line 165, in wrapped
    return loop.run_until_complete(inner)
           ^^^^^^^^^^^^^^^^^^^^^^^^^^^^^^
  File "C:\Program Files\Python312\Lib\asyncio\base_events.py", line 691, in run_until_complete
    return future.result()
           ^^^^^^^^^^^^^^^
  File "C:\Program Files\Python312\Lib\site-packages\nbclient\client.py", line 709, in async_execute
    await self.async_execute_cell(
  File "C:\Program Files\Python312\Lib\site-packages\nbclient\client.py", line 1062, in async_execute_cell
    await self._check_raise_for_error(cell, cell_index, exec_reply)
  File "C:\Program Files\Python312\Lib\site-packages\nbclient\client.py", line 918, in _check_raise_for_error
    raise CellExecutionError.from_cell_and_msg(cell, exec_reply_content)
nbclient.exceptions.CellExecutionError: An error occurred while executing the following cell:
------------------
trimmed_ssd = ssd.trimmed_copy()
corrected_ssd = trimmed_ssd.corrected_copy()
decomposition = corrected_ssd.quick_decomposition()
plot1 = decomposition.plot_components() 
------------------


[1;31m---------------------------------------------------------------------------[0m
[1;31mAttributeError[0m                            Traceback (most recent call last)
Cell [1;32mIn[2], line 2[0m
[0;32m      1[0m trimmed_ssd [38;5;241m=[39m ssd[38;5;241m.[39mtrimmed_copy()
[1;32m----> 2[0m corrected_ssd [38;5;241m=[39m [43mtrimmed_ssd[49m[38;5;241;43m.[39;49m[43mcorrected_copy[49m[43m([49m[43m)[49m
[0;32m      3[0m decomposition [38;5;241m=[39m corrected_ssd[38;5;241m.[39mquick_decomposition()
[0;32m      4[0m plot1 [38;5;241m=[39m decomposition[38;5;241m.[39mplot_components() 

File [1;32mC:\Program Files\Python312\Lib\site-packages\molass\DataObjects\SecSaxsData.py:371[0m, in [0;36mSecSaxsData.corrected_copy[1;34m(self)[0m
[0;32m    359[0m [38;5;250m[39m[38;5;124;03m"""ssd.corrected_copy()[39;00m
[0;32m    360[0m [38;5;124;03m[39;00m
[0;32m    361[0m [38;5;124;03mReturns a deep copy of this object which has been corrected[39;00m
[1;32m   (...)[0m
[0;32m    366[0m [38;5;124;03mNone[39;00m
[0;32m    367[0m [38;5;124;03m"""[39;00m
[0;32m    369[0m ssd_copy [38;5;241m=[39m [38;5;28mself[39m[38;5;241m.[39mcopy(trimmed[38;5;241m=[39m[38;5;28mself[39m[38;5;241m.[39mtrimmed)
[1;32m--> 371[0m baseline [38;5;241m=[39m [43mssd_copy[49m[38;5;241;43m.[39;49m[43mxr[49m[38;5;241;43m.[39;49m[43mget_baseline2d[49m[43m([49m[43m)[49m
[0;32m    372[0m ssd_copy[38;5;241m.[39mxr[38;5;241m.[39mM [38;5;241m-[39m[38;5;241m=[39m baseline
[0;32m    374[0m [38;5;28;01mif[39;00m ssd_copy[38;5;241m.[39muv [38;5;129;01mis[39;00m [38;5;129;01mnot[39;00m [38;5;28;01mNone[39;00m:

File [1;32mC:\Program Files\Python312\Lib\site-packages\molass\DataObjects\SsMatrixData.py:68[0m, in [0;36mSsMatrixData.get_baseline2d[1;34m(self, **kwargs)[0m
[0;32m     66[0m method_kwargs [38;5;241m=[39m kwargs[38;5;241m.[39mget([38;5;124m'[39m[38;5;124mmethod_kwargs[39m[38;5;124m'[39m, default_kwargs)
[0;32m     67[0m baseline_fitter [38;5;241m=[39m Baseline2D(moment[38;5;241m.[39mx, [38;5;28mself[39m[38;5;241m.[39miv)
[1;32m---> 68[0m baseline, params_not_used [38;5;241m=[39m [43mbaseline_fitter[49m[38;5;241;43m.[39;49m[43mindividual_axes[49m[43m([49m
[0;32m     69[0m [43m    [49m[38;5;28;43mself[39;49m[38;5;241;43m.[39;49m[43mM[49m[38;5;241;43m.[39;49m[43mT[49m[43m,[49m[43m [49m[43maxes[49m[38;5;241;43m=[39;49m[38;5;241;43m0[39;49m[43m,[49m[43m [49m[43mmethod[49m[38;5;241;43m=[39;49m[43mmethod[49m[43m,[49m[43m [49m[43mmethod_kwargs[49m[38;5;241;43m=[39;49m[43mmethod_kwargs[49m
[0;32m     70[0m [43m[49m[43m)[49m
[0;32m     71[0m [38;5;28;01mreturn[39;00m baseline[38;5;241m.[39mT

File [1;32mC:\Program Files\Python312\Lib\site-packages\molass\Baseline\Baseline2D.py:25[0m, in [0;36mBaseline2D.individual_axes[1;34m(self, data, axes, method, method_kwargs, debug)[0m
[0;32m     23[0m         reload(molass[38;5;241m.[39mBaseline[38;5;241m.[39mLpmBaseline2D)
[0;32m     24[0m     [38;5;28;01mfrom[39;00m [38;5;21;01mmolass[39;00m[38;5;21;01m.[39;00m[38;5;21;01mBaseline[39;00m[38;5;21;01m.[39;00m[38;5;21;01mLpmBaseline2D[39;00m [38;5;28;01mimport[39;00m individual_axes_impl
[1;32m---> 25[0m     [38;5;28;01mreturn[39;00m [43mindividual_axes_impl[49m[43m([49m[38;5;28;43mself[39;49m[43m,[49m[43m [49m[43mdata[49m[43m,[49m[43m [49m[43maxes[49m[43m,[49m[43m [49m[43mmethod[49m[43m,[49m[43m [49m[43mmethod_kwargs[49m[43m)[49m
[0;32m     26[0m [38;5;28;01melse[39;00m:
[0;32m     27[0m     [38;5;28;01mreturn[39;00m [38;5;28msuper[39m()[38;5;241m.[39mindividual_axes(data, axes, method, method_kwargs)

File [1;32mC:\Program Files\Python312\Lib\site-packages\molass\Baseline\LpmBaseline2D.py:43[0m, in [0;36mindividual_axes_impl[1;34m(self, data, axes, method, method_kwargs)[0m
[0;32m     40[0m     [38;5;28;01mraise[39;00m [38;5;167;01mValueError[39;00m([38;5;124m'[39m[38;5;124mMethod kwargs must have the same length as the input axes[39m[38;5;124m'[39m)
[0;32m     42[0m keys [38;5;241m=[39m ([38;5;124m'[39m[38;5;124mrows[39m[38;5;124m'[39m, [38;5;124m'[39m[38;5;124mcolumns[39m[38;5;124m'[39m)
[1;32m---> 43[0m baseline [38;5;241m=[39m np[38;5;241m.[39mzeros([38;5;28;43mself[39;49m[38;5;241;43m.[39;49m[43m_len[49m)
[0;32m     44[0m params [38;5;241m=[39m {}
[0;32m     45[0m [38;5;28;01mfor[39;00m i, axis [38;5;129;01min[39;00m [38;5;28menumerate[39m(axes):

[1;31mAttributeError[0m: 'Baseline2D' object has no attribute '_len'

