Traceback (most recent call last):
  File "C:\Program Files\Python312\Lib\site-packages\jupyter_cache\executors\utils.py", line 58, in single_nb_execution
    executenb(
  File "C:\Program Files\Python312\Lib\site-packages\nbclient\client.py", line 1314, in execute
    return NotebookClient(nb=nb, resources=resources, km=km, **kwargs).execute()
           ^^^^^^^^^^^^^^^^^^^^^^^^^^^^^^^^^^^^^^^^^^^^^^^^^^^^^^^^^^^^^^^^^^^^^
  File "C:\Program Files\Python312\Lib\site-packages\jupyter_core\utils\__init__.py", line 165, in wrapped
    return loop.run_until_complete(inner)
           ^^^^^^^^^^^^^^^^^^^^^^^^^^^^^^
  File "C:\Program Files\Python312\Lib\asyncio\base_events.py", line 691, in run_until_complete
    return future.result()
           ^^^^^^^^^^^^^^^
  File "C:\Program Files\Python312\Lib\site-packages\nbclient\client.py", line 709, in async_execute
    await self.async_execute_cell(
  File "C:\Program Files\Python312\Lib\site-packages\nbclient\client.py", line 1062, in async_execute_cell
    await self._check_raise_for_error(cell, cell_index, exec_reply)
  File "C:\Program Files\Python312\Lib\site-packages\nbclient\client.py", line 918, in _check_raise_for_error
    raise CellExecutionError.from_cell_and_msg(cell, exec_reply_content)
nbclient.exceptions.CellExecutionError: An error occurred while executing the following cell:
------------------
import numpy as np
import matplotlib.pyplot as plt
from molass.Local import get_local_settings
from molass.DataObjects import SecSaxsData as SSD
local_settings = get_local_settings()
PKS_DATA = local_settings['PKS_DATA']
ssd = SSD(PKS_DATA)
ssd.plot_3d();
------------------


[1;31m---------------------------------------------------------------------------[0m
[1;31mKeyError[0m                                  Traceback (most recent call last)
Cell [1;32mIn[1], line 6[0m
[0;32m      4[0m [38;5;28;01mfrom[39;00m [38;5;21;01mmolass[39;00m[38;5;21;01m.[39;00m[38;5;21;01mDataObjects[39;00m [38;5;28;01mimport[39;00m SecSaxsData [38;5;28;01mas[39;00m SSD
[0;32m      5[0m local_settings [38;5;241m=[39m get_local_settings()
[1;32m----> 6[0m PKS_DATA [38;5;241m=[39m [43mlocal_settings[49m[43m[[49m[38;5;124;43m'[39;49m[38;5;124;43mPKS_DATA[39;49m[38;5;124;43m'[39;49m[43m][49m
[0;32m      7[0m ssd [38;5;241m=[39m SSD(PKS_DATA)
[0;32m      8[0m ssd[38;5;241m.[39mplot_3d();

[1;31mKeyError[0m: 'PKS_DATA'

